2023-10-12 15:22:18.523 PKT [5940] LOG:  database system was shut down at 2023-10-12 06:58:42 PKT
2023-10-12 15:27:18.537 PKT [5924] LOG:  checkpoint starting: time
2023-10-12 15:27:18.561 PKT [5924] LOG:  checkpoint complete: wrote 3 buffers (0.0%); 0 WAL file(s) added, 0 removed, 0 recycled; write=0.002 s, sync=0.002 s, total=0.025 s; sync files=2, longest=0.001 s, average=0.001 s; distance=0 kB, estimate=0 kB; lsn=0/64622A8, redo lsn=0/6462270
2023-10-12 21:45:18.733 PKT [5924] LOG:  checkpoint starting: immediate force wait
2023-10-12 21:45:18.745 PKT [5924] LOG:  checkpoint complete: wrote 1 buffers (0.0%); 0 WAL file(s) added, 0 removed, 0 recycled; write=0.003 s, sync=0.001 s, total=0.012 s; sync files=1, longest=0.001 s, average=0.001 s; distance=4 kB, estimate=4 kB; lsn=0/6463340, redo lsn=0/6463308
2023-10-12 21:46:08.024 PKT [14068] ERROR:  syntax error at or near "(" at character 1232
2023-10-12 21:46:08.024 PKT [14068] STATEMENT:  CREATE TABLE transactions(
	    tran_id INTEGER GENERATED ALWAYS AS IDENTITY,
	    acco_id INTEGER REFERENCES accounts NOT NULL,
	    date_created VARCHAR(25) NOT NULL,
	    date_finalized VARCHAR(25),
	    dates_modified VARCHAR(600),
	    acco_tran_id VARCHAR(25) NOT NULL,
	    test_id  VARCHAR(25),
	    use_transaction_id VARCHAR(25),
	    first_weight NUMERIC(6, 2),
	    second_weight NUMERIC(6, 2),
	    third_weight NUMERIC(6, 2),
	    total_sample_weight NUMERIC(6, 2),
	    points INTEGER,
	    pure_weight NUMERIC(6, 2),
	    taken_cash INTEGER,
	    taken_gold NUMERIC(6, 2),
	    fees INTEGER,
	    charges VARCHAR(50),
	    rate INTEGER,
	    discount INTEGER,
	    amount VARCHAR(50),
	    remarks VARCHAR(255),
	    test_type VARCHAR(8),
	    premium INTEGER,
	    standard_weight NUMERIC(6, 2),
	    egr_weight NUMERIC(6, 2),
	    item_type VARCHAR(20),
	    sample_returned BOOLEAN,
	    received VARCHAR(50),
	    receivable VARCHAR(50),
	    paid VARCHAR(50),
	    payable VARCHAR(50),
	    transaction_type VARCHAR(20) NOT NULL,
	    transferred BOOLEAN,
	    pending_taken_cash INTEGER,
	    gold_in_cash INTEGER,
	    gross_amount VARCHAR(50),
	    net_amount VARCHAR(50),
	    carried_fees INTEGER,
	    include_test_fees BOOLEAN
	    PRIMARY KEY (tran_id)
	);
2023-10-12 21:46:08.052 PKT [14068] ERROR:  relation "transactions" does not exist
2023-10-12 21:46:08.052 PKT [14068] STATEMENT:  CREATE TABLE customer_statements(
	    tran_id INTEGER REFERENCES transactions NOT NULL,
	    acco_id INTEGER REFERENCES accounts NOT NULL,
	    date_created VARCHAR(25) NOT NULL,
	    acco_tran_id VARCHAR(25) NOT NULL,
	    total_sample_weight NUMERIC(6, 2),
	    pure_weight NUMERIC(6, 2),
	    taken_cash INTEGER,
	    taken_gold NUMERIC(6, 2),
	    charges VARCHAR(50),
	    rate INTEGER,
	    amount VARCHAR(50),
	    received VARCHAR(50),
	    receivable VARCHAR(50),
	    paid VARCHAR(50),
	    payable VARCHAR(50),
	    PRIMARY KEY (tran_id)
	);
2023-10-12 21:46:08.079 PKT [14068] ERROR:  relation "transactions" does not exist
2023-10-12 21:46:08.079 PKT [14068] STATEMENT:  CREATE TABLE business_statement(
	    tran_id INTEGER REFERENCES transactions NOT NULL,
	    acco_id INTEGER REFERENCES accounts NOT NULL,
	    date_created VARCHAR(25) NOT NULL,
	    acco_tran_id VARCHAR(25) NOT NULL,
	    total_sample_weight NUMERIC(6, 2),
	    pure_weight NUMERIC(6, 2),
	    given_cash INTEGER,
	    given_gold NUMERIC(6, 2),
	    charges VARCHAR(50),
	    rate INTEGER,
	    amount VARCHAR(50),
	    paid VARCHAR(50),
	    payable VARCHAR(50),
	    received VARCHAR(50),
	    receivable VARCHAR(50),
	    PRIMARY KEY (tran_id)
	);
2023-10-12 21:47:06.312 PKT [13096] ERROR:  database "goldbuysell" is being accessed by other users
2023-10-12 21:47:06.312 PKT [13096] DETAIL:  There is 1 other session using the database.
2023-10-12 21:47:06.312 PKT [13096] STATEMENT:  DROP DATABASE IF EXISTS goldbuysell;
	
2023-10-12 21:47:09.106 PKT [14068] LOG:  could not receive data from client: An existing connection was forcibly closed by the remote host.
	
2023-10-12 21:47:15.611 PKT [5924] LOG:  checkpoint starting: immediate force wait
2023-10-12 21:47:15.635 PKT [5924] LOG:  checkpoint complete: wrote 4 buffers (0.0%); 0 WAL file(s) added, 0 removed, 0 recycled; write=0.008 s, sync=0.005 s, total=0.025 s; sync files=4, longest=0.002 s, average=0.002 s; distance=4680 kB, estimate=4680 kB; lsn=0/68F5698, redo lsn=0/68F5660
2023-10-12 21:51:09.543 PKT [8992] LOG:  could not receive data from client: An existing connection was forcibly closed by the remote host.
	
2023-10-12 21:52:15.629 PKT [5924] LOG:  checkpoint starting: time
2023-10-12 21:54:05.181 PKT [5924] LOG:  checkpoint complete: wrote 1007 buffers (6.1%); 0 WAL file(s) added, 0 removed, 0 recycled; write=109.363 s, sync=0.167 s, total=109.553 s; sync files=333, longest=0.014 s, average=0.001 s; distance=4736 kB, estimate=4736 kB; lsn=0/6D966A0, redo lsn=0/6D95940
2023-10-12 22:07:15.210 PKT [5924] LOG:  checkpoint starting: time
2023-10-12 22:07:19.169 PKT [5924] LOG:  checkpoint complete: wrote 37 buffers (0.2%); 0 WAL file(s) added, 0 removed, 0 recycled; write=3.914 s, sync=0.023 s, total=3.960 s; sync files=21, longest=0.003 s, average=0.002 s; distance=11 kB, estimate=4264 kB; lsn=0/6D98848, redo lsn=0/6D98810
2023-10-12 22:12:15.168 PKT [5924] LOG:  checkpoint starting: time
2023-10-12 22:12:16.061 PKT [5924] LOG:  checkpoint complete: wrote 9 buffers (0.1%); 0 WAL file(s) added, 0 removed, 0 recycled; write=0.849 s, sync=0.024 s, total=0.893 s; sync files=9, longest=0.014 s, average=0.003 s; distance=5 kB, estimate=3838 kB; lsn=0/6D99CB0, redo lsn=0/6D99C78
2023-10-12 22:22:15.069 PKT [5924] LOG:  checkpoint starting: time
2023-10-12 22:22:15.978 PKT [5924] LOG:  checkpoint complete: wrote 9 buffers (0.1%); 0 WAL file(s) added, 0 removed, 0 recycled; write=0.873 s, sync=0.023 s, total=0.910 s; sync files=9, longest=0.014 s, average=0.003 s; distance=5 kB, estimate=3455 kB; lsn=0/6D9B308, redo lsn=0/6D9B2D0
2023-10-12 22:37:15.986 PKT [5924] LOG:  checkpoint starting: time
2023-10-12 22:37:16.565 PKT [5924] LOG:  checkpoint complete: wrote 6 buffers (0.0%); 0 WAL file(s) added, 0 removed, 0 recycled; write=0.534 s, sync=0.020 s, total=0.580 s; sync files=6, longest=0.014 s, average=0.004 s; distance=4 kB, estimate=3109 kB; lsn=0/6D9C418, redo lsn=0/6D9C3E0
2023-10-12 22:47:15.569 PKT [5924] LOG:  checkpoint starting: time
2023-10-12 22:47:16.472 PKT [5924] LOG:  checkpoint complete: wrote 9 buffers (0.1%); 0 WAL file(s) added, 0 removed, 0 recycled; write=0.881 s, sync=0.011 s, total=0.904 s; sync files=9, longest=0.003 s, average=0.002 s; distance=6 kB, estimate=2799 kB; lsn=0/6D9DC90, redo lsn=0/6D9DC58
2023-10-12 22:50:26.938 PKT [2208] ERROR:  invalid input syntax for type integer: "nullR"
2023-10-12 22:50:26.938 PKT [2208] CONTEXT:  unnamed portal parameter $7 = '...'
2023-10-12 22:50:26.938 PKT [2208] STATEMENT:  INSERT INTO customer_statements (tran_id, acco_id, date_created, acco_tran_id, total_sample_weight, pure_weight, taken_cash, taken_gold, charges, rate, amount, received, receivable, paid, payable) VALUES($1, $2, $3, $4, $5, $6, $7, $8, $9, $10, $11, $12, $13, $14, $15);
2023-10-12 22:52:15.477 PKT [5924] LOG:  checkpoint starting: time
2023-10-12 22:52:16.394 PKT [5924] LOG:  checkpoint complete: wrote 9 buffers (0.1%); 0 WAL file(s) added, 0 removed, 0 recycled; write=0.868 s, sync=0.024 s, total=0.918 s; sync files=9, longest=0.014 s, average=0.003 s; distance=7 kB, estimate=2520 kB; lsn=0/6D9FBB0, redo lsn=0/6D9FB78
2023-10-12 22:57:15.407 PKT [5924] LOG:  checkpoint starting: time
2023-10-12 22:57:15.646 PKT [5924] LOG:  checkpoint complete: wrote 3 buffers (0.0%); 0 WAL file(s) added, 0 removed, 0 recycled; write=0.209 s, sync=0.017 s, total=0.239 s; sync files=3, longest=0.014 s, average=0.006 s; distance=2 kB, estimate=2268 kB; lsn=0/6DA06F0, redo lsn=0/6DA06B8
2023-10-12 23:02:15.650 PKT [5924] LOG:  checkpoint starting: time
2023-10-12 23:02:16.565 PKT [5924] LOG:  checkpoint complete: wrote 9 buffers (0.1%); 0 WAL file(s) added, 0 removed, 0 recycled; write=0.867 s, sync=0.023 s, total=0.916 s; sync files=9, longest=0.014 s, average=0.003 s; distance=7 kB, estimate=2042 kB; lsn=0/6DA26B8, redo lsn=0/6DA2680
2023-10-12 23:09:40.001 PKT [9060] LOG:  could not receive data from client: An existing connection was forcibly closed by the remote host.
	
2023-10-12 23:12:15.578 PKT [5924] LOG:  checkpoint starting: time
2023-10-12 23:12:16.492 PKT [5924] LOG:  checkpoint complete: wrote 9 buffers (0.1%); 0 WAL file(s) added, 0 removed, 0 recycled; write=0.865 s, sync=0.025 s, total=0.915 s; sync files=9, longest=0.015 s, average=0.003 s; distance=9 kB, estimate=1839 kB; lsn=0/6DA4AE0, redo lsn=0/6DA4AA8
2023-10-12 23:17:15.495 PKT [5924] LOG:  checkpoint starting: time
2023-10-12 23:17:16.417 PKT [5924] LOG:  checkpoint complete: wrote 9 buffers (0.1%); 0 WAL file(s) added, 0 removed, 0 recycled; write=0.885 s, sync=0.024 s, total=0.923 s; sync files=9, longest=0.014 s, average=0.003 s; distance=9 kB, estimate=1656 kB; lsn=0/6DA6FA8, redo lsn=0/6DA6F70
2023-10-12 23:27:15.434 PKT [5924] LOG:  checkpoint starting: time
2023-10-12 23:27:16.353 PKT [5924] LOG:  checkpoint complete: wrote 9 buffers (0.1%); 0 WAL file(s) added, 0 removed, 0 recycled; write=0.870 s, sync=0.023 s, total=0.919 s; sync files=9, longest=0.014 s, average=0.003 s; distance=9 kB, estimate=1491 kB; lsn=0/6DA9620, redo lsn=0/6DA95E8
2023-10-12 23:37:15.350 PKT [5924] LOG:  checkpoint starting: time
2023-10-12 23:37:15.934 PKT [5924] LOG:  checkpoint complete: wrote 6 buffers (0.0%); 0 WAL file(s) added, 0 removed, 0 recycled; write=0.538 s, sync=0.021 s, total=0.585 s; sync files=6, longest=0.014 s, average=0.004 s; distance=7 kB, estimate=1343 kB; lsn=0/6DAB5D8, redo lsn=0/6DAB5A0
2023-10-12 23:42:15.923 PKT [5924] LOG:  checkpoint starting: time
2023-10-12 23:42:16.855 PKT [5924] LOG:  checkpoint complete: wrote 9 buffers (0.1%); 0 WAL file(s) added, 0 removed, 0 recycled; write=0.886 s, sync=0.021 s, total=0.932 s; sync files=9, longest=0.014 s, average=0.003 s; distance=10 kB, estimate=1209 kB; lsn=0/6DADFA8, redo lsn=0/6DADF70
